<?xml version="1.0" encoding="UTF-8"?>
<testng-results ignored="0" total="1" passed="1" failed="0" skipped="0">
  <reporter-output>
  </reporter-output>
  <suite started-at="2021-01-31T14:29:20Z" name="Surefire suite" finished-at="2021-01-31T14:29:23Z" duration-ms="2237">
    <groups>
    </groups>
    <test started-at="2021-01-31T14:29:20Z" name="Surefire test" finished-at="2021-01-31T14:29:23Z" duration-ms="2237">
      <class name="service.git.events.tests.APITest">
        <test-method is-config="true" signature="setUp()[pri:0, instance:service.git.events.tests.APITest@2f9f7dcf]" started-at="2021-01-31T14:29:20Z" name="setUp" finished-at="2021-01-31T14:29:20Z" duration-ms="587" status="PASS">
          <reporter-output>
          </reporter-output>
        </test-method> <!-- setUp -->
        <test-method signature="verifyEventAPI()[pri:0, instance:service.git.events.tests.APITest@2f9f7dcf]" started-at="2021-01-31T14:29:20Z" name="verifyEventAPI" finished-at="2021-01-31T14:29:23Z" duration-ms="2219" status="PASS">
          <reporter-output>
          </reporter-output>
        </test-method> <!-- verifyEventAPI -->
        <test-method is-config="true" signature="tearDown()[pri:0, instance:service.git.events.tests.APITest@2f9f7dcf]" started-at="2021-01-31T14:29:23Z" name="tearDown" finished-at="2021-01-31T14:29:23Z" duration-ms="629" status="PASS">
          <reporter-output>
          </reporter-output>
        </test-method> <!-- tearDown -->
      </class> <!-- service.git.events.tests.APITest -->
    </test> <!-- Surefire test -->
  </suite> <!-- Surefire suite -->
</testng-results>
