<?xml version="1.0" encoding="UTF-8"?>
<testng-results ignored="0" total="1" passed="1" failed="0" skipped="0">
  <reporter-output>
  </reporter-output>
  <suite started-at="2021-01-31T22:26:38 AWST" name="Default suite" finished-at="2021-01-31T22:26:44 AWST" duration-ms="5947">
    <groups>
    </groups>
    <test started-at="2021-01-31T22:26:38 AWST" name="Default test" finished-at="2021-01-31T22:26:44 AWST" duration-ms="5947">
      <class name="web.amazon.tests.PriceCheck">
        <test-method is-config="true" signature="setUp()[pri:0, instance:web.amazon.tests.PriceCheck@378542de]" started-at="2021-01-31T22:26:30 AWST" name="setUp" finished-at="2021-01-31T22:26:38 AWST" duration-ms="8432" status="PASS">
          <reporter-output>
          </reporter-output>
        </test-method> <!-- setUp -->
        <test-method signature="verifyProductPrice(java.lang.String, java.lang.String)[pri:1, instance:web.amazon.tests.PriceCheck@378542de]" started-at="2021-01-31T22:26:39 AWST" name="verifyProductPrice" data-provider="getBookPrice" finished-at="2021-01-31T22:26:44 AWST" duration-ms="4606" status="PASS">
          <params>
            <param index="0">
              <value>
                <![CDATA[Disney: The Lion King Classic Collection]]>
              </value>
            </param>
            <param index="1">
              <value>
                <![CDATA[10.00]]>
              </value>
            </param>
          </params>
          <reporter-output>
          </reporter-output>
        </test-method> <!-- verifyProductPrice -->
        <test-method is-config="true" signature="tearDown()[pri:0, instance:web.amazon.tests.PriceCheck@378542de]" started-at="2021-01-31T22:26:44 AWST" name="tearDown" finished-at="2021-01-31T22:26:45 AWST" duration-ms="1135" status="PASS">
          <reporter-output>
          </reporter-output>
        </test-method> <!-- tearDown -->
      </class> <!-- web.amazon.tests.PriceCheck -->
    </test> <!-- Default test -->
  </suite> <!-- Default suite -->
</testng-results>
